# JRE version: Java(TM) SE Runtime Environment 18.9 (11.0.12+8) (build 11.0.12+8-LTS-237)
# Java VM: Java HotSpot(TM) 64-Bit Server VM 18.9 (11.0.12+8-LTS-237, mixed mode, tiered, compressed oops, g1 gc, windows-amd64)
Heap:
 garbage-first heap   total 129024K, used 13820K [0x0000000082800000, 0x0000000100000000)
  region size 1024K, 13 young (13312K), 4 survivors (4096K)
 Metaspace       used 14906K, capacity 15149K, committed 15488K, reserved 1062912K
  class space    used 1493K, capacity 1571K, committed 1664K, reserved 1048576K
GC Heap History (10 events):
Event: 3.117 GC heap before
{Heap before GC invocations=0 (full 0):
 garbage-first heap   total 129024K, used 23552K [0x0000000082800000, 0x0000000100000000)
  region size 1024K, 24 young (24576K), 0 survivors (0K)
 Metaspace       used 14781K, capacity 15018K, committed 15232K, reserved 1062912K
  class space    used 1488K, capacity 1570K, committed 1664K, reserved 1048576K
}
Event: 3.125 GC heap after
{Heap after GC invocations=1 (full 0):
 garbage-first heap   total 129024K, used 3177K [0x0000000082800000, 0x0000000100000000)
  region size 1024K, 3 young (3072K), 3 survivors (3072K)
 Metaspace       used 14781K, capacity 15018K, committed 15232K, reserved 1062912K
  class space    used 1488K, capacity 1570K, committed 1664K, reserved 1048576K
}
Event: 13.587 GC heap before
{Heap before GC invocations=1 (full 0):
 garbage-first heap   total 129024K, used 76905K [0x0000000082800000, 0x0000000100000000)
  region size 1024K, 75 young (76800K), 3 survivors (3072K)
 Metaspace       used 14871K, capacity 15146K, committed 15488K, reserved 1062912K
  class space    used 1488K, capacity 1570K, committed 1664K, reserved 1048576K
}
Event: 13.598 GC heap after
{Heap after GC invocations=2 (full 0):
 garbage-first heap   total 129024K, used 3356K [0x0000000082800000, 0x0000000100000000)
  region size 1024K, 4 young (4096K), 4 survivors (4096K)
 Metaspace       used 14871K, capacity 15146K, committed 15488K, reserved 1062912K
  class space    used 1488K, capacity 1570K, committed 1664K, reserved 1048576K
}
Event: 23.284 GC heap before
{Heap before GC invocations=2 (full 0):
 garbage-first heap   total 129024K, used 76060K [0x0000000082800000, 0x0000000100000000)
  region size 1024K, 75 young (76800K), 4 survivors (4096K)
 Metaspace       used 14871K, capacity 15146K, committed 15488K, reserved 1062912K
  class space    used 1488K, capacity 1570K, committed 1664K, reserved 1048576K
}
Event: 23.287 GC heap after
{Heap after GC invocations=3 (full 0):
 garbage-first heap   total 129024K, used 3372K [0x0000000082800000, 0x0000000100000000)
  region size 1024K, 4 young (4096K), 4 survivors (4096K)
 Metaspace       used 14871K, capacity 15146K, committed 15488K, reserved 1062912K
  class space    used 1488K, capacity 1570K, committed 1664K, reserved 1048576K
}
Event: 32.814 GC heap before
{Heap before GC invocations=3 (full 0):
 garbage-first heap   total 129024K, used 76076K [0x0000000082800000, 0x0000000100000000)
  region size 1024K, 75 young (76800K), 4 survivors (4096K)
 Metaspace       used 14871K, capacity 15146K, committed 15488K, reserved 1062912K
  class space    used 1488K, capacity 1570K, committed 1664K, reserved 1048576K
}
Event: 32.818 GC heap after
{Heap after GC invocations=4 (full 0):
 garbage-first heap   total 129024K, used 3574K [0x0000000082800000, 0x0000000100000000)
  region size 1024K, 4 young (4096K), 4 survivors (4096K)
 Metaspace       used 14871K, capacity 15146K, committed 15488K, reserved 1062912K
  class space    used 1488K, capacity 1570K, committed 1664K, reserved 1048576K
}
Event: 42.413 GC heap before
{Heap before GC invocations=4 (full 0):
 garbage-first heap   total 129024K, used 76278K [0x0000000082800000, 0x0000000100000000)
  region size 1024K, 75 young (76800K), 4 survivors (4096K)
 Metaspace       used 14871K, capacity 15146K, committed 15488K, reserved 1062912K
  class space    used 1488K, capacity 1570K, committed 1664K, reserved 1048576K
}
Event: 42.417 GC heap after
{Heap after GC invocations=5 (full 0):
 garbage-first heap   total 129024K, used 3580K [0x0000000082800000, 0x0000000100000000)
  region size 1024K, 4 young (4096K), 4 survivors (4096K)
 Metaspace       used 14871K, capacity 15146K, committed 15488K, reserved 1062912K
  class space    used 1488K, capacity 1570K, committed 1664K, reserved 1048576K
}

